Run 1
With only 11% of your capital held in stable assets, a sudden market downturn could force you to...
A single equity position now dictates over 55% of your total net worth, which means that...
Your recent 40% peak-to-trough decline suggests that your current swing trading strategy remains highly susceptible to...
----
Run 2
With only 11% of your capital in stable assets, a sudden market dip could force you to...
One single asset commands over half your portfolio, creating a single point of failure that...
Your 40% peak-to-trough decline indicates that a sustained bear trend would likely...
----
Run 3
With only 11% of your portfolio held in liquid stables, a sudden buying opportunity or emergency would...
Over 55% of your total net worth is concentrated in a single asset, which means a specific company event could...
Your portfolio has already demonstrated a 40% peak-to-trough decline, suggesting that another market leg lower might...
----
Run 4
With only 11% of your portfolio held in stable assets, a sudden market shift could force you into...
A single equity position now commands over 55% of your total net worth, which means that...
Your portfolio has already demonstrated a 40% peak-to-trough decline, suggesting that the next volatility spike might...
----
Run 5
With only 11% of your portfolio in liquid stables, a sudden market dip could force you to...
Over half of your capital is tied to a single ticker, meaning any negative news for that specific company would...
A historical 40% peak-to-trough decline indicates that your current strategy remains vulnerable to...
----
Run 6
A cash allocation of roughly 11% implies that your capacity to buy the next major dip is...
Because a single asset represents more than half of your holdings, your net worth is dangerously sensitive to...
Your portfolio's history of 40% declines indicates that your current risk management framework may fail to...
----
Run 7
With only 11.39% of your capital held in stable reserves, a sudden market downturn could force you to...
A single asset commands over 55% of your total portfolio value, meaning any localized bad news would...
Your historical 40.13% peak-to-trough decline suggests that your current position sizing may lead to...
----
Run 8
With only a thin slice of cash available, a sudden market reversal could force you to...
Over half of your capital is tied to a single position, creating a vulnerability where one bad headline might...
Your recent peak-to-trough decline indicates that your current strategy is susceptible to...
----
Run 9
With only 11.39% held in stable reserves, an unexpected market reversal could force you to liquidate...
A single asset commands over 55% of your total net worth, creating a single point of failure where...
Your portfolio has already endured a 40.13% peak-to-trough decline, signaling that a further correction might...
----
Run 10
Your 11% stablecoin reserve offers minimal protection for a swing trader, meaning a sudden market dip could...
A single asset commands over 55% of your total net worth, creating a dangerous bottleneck where one bad headline might...
After enduring a 40% peak-to-trough decline recently, your current portfolio structure remains highly susceptible to...
----
